\BOOKMARK [1][-]{section.1}{\376\377\000I\000n\000t\000r\000o\000d\000u\000c\000t\000i\000o\000n}{}% 1
\BOOKMARK [1][-]{section.2}{\376\377\000T\000h\000e\000\040\000L\000o\000r\000e\000n\000z\000\040\000S\000y\000s\000t\000e\000m}{}% 2
\BOOKMARK [1][-]{section.3}{\376\377\000M\000a\000t\000h\000e\000m\000a\000t\000i\000c\000a\000l\000\040\000P\000r\000e\000l\000i\000m\000i\000n\000a\000r\000i\000e\000s}{}% 3
\BOOKMARK [2][-]{subsection.3.1}{\376\377\000N\000o\000n\000l\000i\000n\000e\000a\000r\000\040\000F\000l\000o\000w}{section.3}% 4
\BOOKMARK [2][-]{subsection.3.2}{\376\377\000L\000i\000n\000e\000a\000r\000i\000s\000e\000d\000\040\000F\000l\000o\000w}{section.3}% 5
\BOOKMARK [2][-]{subsection.3.3}{\376\377\000A\000d\000j\000o\000i\000n\000t\000\040\000F\000l\000o\000w}{section.3}% 6
\BOOKMARK [2][-]{subsection.3.4}{\376\377\000M\000a\000t\000r\000i\000x\000-\000F\000r\000e\000e\000\040\000I\000m\000p\000l\000e\000m\000e\000n\000t\000a\000t\000i\000o\000n\000\040\000i\000n\000\040\000N\000K\000S\000e\000a\000r\000c\000h\000.\000j\000l}{section.3}% 7
\BOOKMARK [1][-]{section.4}{\376\377\000P\000e\000r\000i\000o\000d\000i\000c\000\040\000O\000r\000b\000i\000t\000s\000:\000\040\000D\000e\000f\000i\000n\000i\000t\000i\000o\000n\000\040\000a\000n\000d\000\040\000P\000r\000o\000b\000l\000e\000m\000\040\000S\000t\000a\000t\000e\000m\000e\000n\000t}{}% 8
\BOOKMARK [1][-]{section.5}{\376\377\000N\000e\000a\000r\000-\000R\000e\000c\000u\000r\000r\000e\000n\000c\000e\000s\000:\000\040\000C\000o\000n\000c\000e\000p\000t\000\040\000a\000n\000d\000\040\000M\000a\000t\000h\000e\000m\000a\000t\000i\000c\000a\000l\000\040\000D\000e\000f\000i\000n\000i\000t\000i\000o\000n}{}% 9
\BOOKMARK [2][-]{subsection.5.1}{\376\377\000I\000n\000t\000u\000i\000t\000i\000o\000n}{section.5}% 10
\BOOKMARK [2][-]{subsection.5.2}{\376\377\000F\000o\000r\000m\000a\000l\000\040\000D\000e\000f\000i\000n\000i\000t\000i\000o\000n}{section.5}% 11
\BOOKMARK [2][-]{subsection.5.3}{\376\377\000W\000h\000y\000\040\000T\000h\000i\000s\000\040\000W\000o\000r\000k\000s\000\040\000f\000o\000r\000\040\000t\000h\000e\000\040\000L\000o\000r\000e\000n\000z\000\040\000A\000t\000t\000r\000a\000c\000t\000o\000r}{section.5}% 12
\BOOKMARK [1][-]{section.6}{\376\377\000F\000i\000n\000d\000i\000n\000g\000\040\000N\000e\000a\000r\000-\000R\000e\000c\000u\000r\000r\000e\000n\000c\000e\000s\000:\000\040\000A\000l\000g\000o\000r\000i\000t\000h\000m}{}% 13
\BOOKMARK [2][-]{subsection.6.1}{\376\377\000O\000v\000e\000r\000v\000i\000e\000w\000\040\000o\000f\000\040\000t\000h\000e\000\040\000P\000i\000p\000e\000l\000i\000n\000e}{section.6}% 14
\BOOKMARK [2][-]{subsection.6.2}{\376\377\000S\000e\000a\000r\000c\000h\000\040\000W\000i\000n\000d\000o\000w\000\040\000a\000n\000d\000\040\000S\000t\000r\000e\000a\000m\000i\000n\000g\000\040\000D\000i\000s\000t\000a\000n\000c\000e\000\040\000M\000a\000t\000r\000i\000x}{section.6}% 15
\BOOKMARK [2][-]{subsection.6.3}{\376\377\000P\000e\000r\000i\000o\000d\000\040\000F\000i\000l\000t\000e\000r\000i\000n\000g}{section.6}% 16
\BOOKMARK [2][-]{subsection.6.4}{\376\377\000G\000r\000e\000e\000d\000y\000\040\000S\000p\000a\000t\000i\000a\000l\000\040\000D\000e\000d\000u\000p\000l\000i\000c\000a\000t\000i\000o\000n}{section.6}% 17
\BOOKMARK [2][-]{subsection.6.5}{\376\377\000O\000u\000t\000p\000u\000t}{section.6}% 18
\BOOKMARK [1][-]{section.7}{\376\377\000S\000u\000m\000m\000a\000r\000y\000\040\000o\000f\000\040\000K\000e\000y\000\040\000P\000a\000r\000a\000m\000e\000t\000e\000r\000s}{}% 19
\BOOKMARK [1][-]{section.8}{\376\377\000M\000u\000l\000t\000i\000p\000l\000e\000\040\000S\000h\000o\000o\000t\000i\000n\000g\000\040\000f\000o\000r\000\040\000P\000e\000r\000i\000o\000d\000i\000c\000\040\000O\000r\000b\000i\000t\000s}{}% 20
\BOOKMARK [2][-]{subsection.8.1}{\376\377\000M\000o\000t\000i\000v\000a\000t\000i\000o\000n}{section.8}% 21
\BOOKMARK [2][-]{subsection.8.2}{\376\377\000F\000o\000r\000m\000u\000l\000a\000t\000i\000o\000n}{section.8}% 22
\BOOKMARK [2][-]{subsection.8.3}{\376\377\000J\000a\000c\000o\000b\000i\000a\000n\000\040\000o\000f\000\040\000t\000h\000e\000\040\000R\000e\000s\000i\000d\000u\000a\000l}{section.8}% 23
\BOOKMARK [2][-]{subsection.8.4}{\376\377\000P\000h\000a\000s\000e\000\040\000C\000o\000n\000d\000i\000t\000i\000o\000n}{section.8}% 24
\BOOKMARK [2][-]{subsection.8.5}{\376\377\000L\000e\000a\000s\000t\000-\000S\000q\000u\000a\000r\000e\000s\000\040\000R\000e\000f\000o\000r\000m\000u\000l\000a\000t\000i\000o\000n}{section.8}% 25
\BOOKMARK [1][-]{section.9}{\376\377\000L\000-\000B\000F\000G\000S\000\040\000O\000p\000t\000i\000m\000i\000s\000a\000t\000i\000o\000n}{}% 26
\BOOKMARK [2][-]{subsection.9.1}{\376\377\000T\000h\000e\000\040\000L\000-\000B\000F\000G\000S\000\040\000M\000e\000t\000h\000o\000d}{section.9}% 27
\BOOKMARK [2][-]{subsection.9.2}{\376\377\000G\000r\000a\000d\000i\000e\000n\000t\000\040\000v\000i\000a\000\040\000A\000d\000j\000o\000i\000n\000t\000\040\000I\000n\000t\000e\000g\000r\000a\000t\000i\000o\000n}{section.9}% 28
\BOOKMARK [2][-]{subsection.9.3}{\376\377\000I\000n\000i\000t\000i\000a\000l\000\040\000G\000u\000e\000s\000s\000\040\000f\000r\000o\000m\000\040\000N\000e\000a\000r\000-\000R\000e\000c\000u\000r\000r\000e\000n\000c\000e\000s}{section.9}% 29
\BOOKMARK [2][-]{subsection.9.4}{\376\377\000P\000a\000r\000a\000m\000e\000t\000e\000r\000\040\000S\000w\000e\000e\000p}{section.9}% 30
\BOOKMARK [2][-]{subsection.9.5}{\376\377\000C\000o\000n\000v\000e\000r\000g\000e\000n\000c\000e\000\040\000a\000n\000d\000\040\000M\000o\000n\000i\000t\000o\000r\000i\000n\000g}{section.9}% 31
\BOOKMARK [1][-]{section.10}{\376\377\000H\000i\000g\000h\000-\000P\000e\000r\000f\000o\000r\000m\000a\000n\000c\000e\000\040\000C\000o\000m\000p\000u\000t\000i\000n\000g\000\040\000D\000e\000p\000l\000o\000y\000m\000e\000n\000t}{}% 32
\BOOKMARK [2][-]{subsection.10.1}{\376\377\000E\000m\000b\000a\000r\000r\000a\000s\000s\000i\000n\000g\000l\000y\000\040\000P\000a\000r\000a\000l\000l\000e\000l\000\040\000S\000t\000r\000u\000c\000t\000u\000r\000e}{section.10}% 33
\BOOKMARK [2][-]{subsection.10.2}{\376\377\000I\000r\000i\000d\000i\000s\000\040\000X\000\040\000C\000l\000u\000s\000t\000e\000r\000\040\000a\000n\000d\000\040\000S\000L\000U\000R\000M\000\040\000J\000o\000b\000\040\000A\000r\000r\000a\000y\000s}{section.10}% 34
\BOOKMARK [2][-]{subsection.10.3}{\376\377\000R\000e\000s\000o\000u\000r\000c\000e\000\040\000C\000o\000n\000f\000i\000g\000u\000r\000a\000t\000i\000o\000n}{section.10}% 35
\BOOKMARK [2][-]{subsection.10.4}{\376\377\000O\000u\000t\000p\000u\000t\000\040\000S\000t\000r\000u\000c\000t\000u\000r\000e}{section.10}% 36
\BOOKMARK [1][-]{section.11}{\376\377\000R\000e\000s\000u\000l\000t\000s\000\040\000A\000n\000a\000l\000y\000s\000i\000s\000\040\000P\000i\000p\000e\000l\000i\000n\000e}{}% 37
\BOOKMARK [2][-]{subsection.11.1}{\376\377\000C\000a\000s\000e\000\040\000C\000l\000a\000s\000s\000i\000f\000i\000c\000a\000t\000i\000o\000n}{section.11}% 38
\BOOKMARK [2][-]{subsection.11.2}{\376\377\000C\000o\000n\000v\000e\000r\000g\000e\000n\000c\000e\000\040\000S\000u\000m\000m\000a\000r\000y\000\040\000b\000y\000\040\000P\000e\000r\000i\000o\000d}{section.11}% 39
\BOOKMARK [1][-]{section.12}{\376\377\000D\000i\000a\000g\000n\000o\000s\000t\000i\000c\000\040\000P\000l\000o\000t\000s}{}% 40
\BOOKMARK [2][-]{subsection.12.1}{\376\377\000C\000o\000n\000v\000e\000r\000g\000e\000n\000c\000e\000\040\000C\000u\000r\000v\000e\000s\000\040\000\050\000F\000i\000g\000.\000\040\0001\000\051}{section.12}% 41
\BOOKMARK [2][-]{subsection.12.2}{\376\377\000I\000t\000e\000r\000a\000t\000i\000o\000n\000s\000\040\000H\000e\000a\000t\000m\000a\000p\000\040\000\050\000F\000i\000g\000.\000\040\0006\000\051}{section.12}% 42
\BOOKMARK [2][-]{subsection.12.3}{\376\377\000A\000g\000g\000r\000e\000g\000a\000t\000e\000\040\000B\000a\000r\000\040\000C\000h\000a\000r\000t\000s}{section.12}% 43
\BOOKMARK [2][-]{subsection.12.4}{\376\377\000A\000g\000g\000r\000e\000g\000a\000t\000e\000\040\000H\000e\000a\000t\000m\000a\000p\000s\000\040\000p\000e\000r\000\040\000P\000e\000r\000i\000o\000d}{section.12}% 44
\BOOKMARK [1][-]{section.13}{\376\377\000B\000e\000s\000t\000\040\000P\000a\000r\000a\000m\000e\000t\000e\000r\000\040\000P\000a\000i\000r\000s\000\040\000p\000e\000r\000\040\000P\000e\000r\000i\000o\000d}{}% 45
\BOOKMARK [1][-]{section.14}{\376\377\000S\000u\000m\000m\000a\000r\000y\000\040\000a\000n\000d\000\040\000D\000i\000s\000c\000u\000s\000s\000i\000o\000n}{}% 46
\BOOKMARK [1][-]{section.15}{\376\377\000O\000u\000t\000l\000o\000o\000k\000\040\000a\000n\000d\000\040\000F\000u\000t\000u\000r\000e\000\040\000W\000o\000r\000k}{}% 47
\BOOKMARK [2][-]{subsection.15.1}{\376\377\000A\000p\000p\000l\000i\000c\000a\000t\000i\000o\000n\000\040\000t\000o\000\040\000O\000t\000h\000e\000r\000\040\000F\000l\000u\000i\000d\000-\000D\000y\000n\000a\000m\000i\000c\000a\000l\000\040\000S\000y\000s\000t\000e\000m\000s}{section.15}% 48
\BOOKMARK [2][-]{subsection.15.2}{\376\377\000C\000o\000m\000p\000u\000t\000a\000t\000i\000o\000n\000a\000l\000-\000T\000i\000m\000e\000\040\000C\000a\000l\000l\000b\000a\000c\000k\000s\000\040\000a\000n\000d\000\040\000A\000l\000g\000o\000r\000i\000t\000h\000m\000\040\000C\000o\000m\000p\000a\000r\000i\000s\000o\000n}{section.15}% 49
